2026-02-28 20:57:44,302 - INFO - 
============================================================
2026-02-28 20:57:44,302 - INFO - 工作周期 #1 开始
2026-02-28 20:57:44,302 - INFO - 时间: 2026-02-28 20:57:44
2026-02-28 20:57:44,302 - INFO - ============================================================
2026-02-28 20:57:44,302 - INFO - 任务1: 扩展基金数据...
2026-02-28 20:57:44,302 - INFO - 开始扩展数据批次，目标数量: 50
2026-02-28 20:57:49,835 - INFO - 方法 _get_fund_list_method3 成功获取 1000 只基金
2026-02-28 20:57:49,842 - INFO - 合并后共获得 1000 只唯一基金
2026-02-28 20:57:49,842 - INFO - 获取到基金列表: 1000 只
2026-02-28 20:57:49,847 - INFO - 需要获取新基金: 50 只
2026-02-28 20:57:57,857 - INFO - 进度: 10/50 (10 成功)
2026-02-28 20:58:17,029 - INFO - 进度: 20/50 (20 成功)
2026-02-28 20:58:40,186 - WARNING - 请求失败 (尝试 1/3): HTTPConnectionPool(host='fundf10.eastmoney.com', port=80): Read timed out. (read timeout=15)
2026-02-28 20:58:44,005 - INFO - 进度: 30/50 (30 成功)
2026-02-28 20:58:53,094 - INFO - 进度: 40/50 (40 成功)
2026-02-28 20:58:59,557 - INFO - 进度: 50/50 (50 成功)
2026-02-28 20:58:59,557 - INFO - 批次完成: 成功获取 50/50 只基金
2026-02-28 20:58:59,558 - INFO - 数据缓存: 0 -> 50 (+50)
2026-02-28 20:58:59,558 - INFO - 任务2: 运行回测分析...
2026-02-28 20:58:59,558 - INFO - 开始运行回测分析...
2026-02-28 20:59:00,023 - INFO - 回测完成: 50 只基金
2026-02-28 20:59:00,024 - INFO - 任务3: 检查是否需要提交到GitHub...
2026-02-28 20:59:00,923 - INFO - ✅ 成功提交到GitHub: auto: Data expansion - 50 funds cached
2026-02-28 20:59:00,924 - INFO - 
工作周期 #1 完成:
2026-02-28 20:59:00,924 - INFO -   新增基金: 50
2026-02-28 20:59:00,925 - INFO -   总基金数: 50
2026-02-28 20:59:00,925 - INFO -   回测完成: True
2026-02-28 20:59:00,925 - INFO -   Git提交: True
2026-02-28 21:40:34,796 - INFO - 
============================================================
2026-02-28 21:40:34,797 - INFO - 工作周期 #1 开始
2026-02-28 21:40:34,797 - INFO - 时间: 2026-02-28 21:40:34
2026-02-28 21:40:34,797 - INFO - ============================================================
2026-02-28 21:40:34,797 - INFO - 任务1: 扩展基金数据...
2026-02-28 21:40:34,798 - INFO - 开始扩展数据批次，目标数量: 50
2026-02-28 21:40:40,721 - INFO - 方法 _get_fund_list_method3 成功获取 1000 只基金
2026-02-28 21:40:40,725 - INFO - 合并后共获得 1000 只唯一基金
2026-02-28 21:40:40,725 - INFO - 获取到基金列表: 1000 只
2026-02-28 21:40:40,734 - INFO - 需要获取新基金: 50 只
2026-02-28 21:40:50,590 - INFO - 进度: 10/50 (10 成功)
2026-02-28 21:40:56,555 - INFO - 进度: 20/50 (20 成功)
2026-02-28 21:41:02,265 - INFO - 进度: 30/50 (30 成功)
2026-02-28 21:41:07,908 - INFO - 进度: 40/50 (40 成功)
2026-02-28 21:41:17,418 - INFO - 进度: 50/50 (50 成功)
2026-02-28 21:41:17,418 - INFO - 批次完成: 成功获取 50/50 只基金
2026-02-28 21:41:17,419 - INFO - 数据缓存: 50 -> 100 (+50)
2026-02-28 21:41:17,419 - INFO - 任务2: 运行回测分析...
2026-02-28 21:41:17,419 - INFO - 开始运行回测分析...
2026-02-28 21:41:17,876 - INFO - 回测完成: 50 只基金
2026-02-28 21:41:17,877 - INFO - 任务3: 检查是否需要提交到GitHub...
2026-02-28 21:41:18,765 - INFO - ✅ 成功提交到GitHub: auto: Data expansion - 100 funds cached
2026-02-28 21:41:18,766 - INFO - 
工作周期 #1 完成:
2026-02-28 21:41:18,766 - INFO -   新增基金: 50
2026-02-28 21:41:18,766 - INFO -   总基金数: 100
2026-02-28 21:41:18,766 - INFO -   回测完成: True
2026-02-28 21:41:18,766 - INFO -   Git提交: True
2026-02-28 21:50:40,196 - INFO - 
============================================================
2026-02-28 21:50:40,197 - INFO - 工作周期 #1 开始
2026-02-28 21:50:40,197 - INFO - 时间: 2026-02-28 21:50:40
2026-02-28 21:50:40,197 - INFO - ============================================================
2026-02-28 21:50:40,198 - INFO - 任务1: 扩展基金数据...
2026-02-28 21:50:40,198 - INFO - 开始扩展数据批次，目标数量: 50
2026-02-28 21:50:58,613 - INFO - 方法 _get_fund_list_method3 成功获取 1000 只基金
2026-02-28 21:50:58,616 - INFO - 合并后共获得 1000 只唯一基金
2026-02-28 21:50:58,616 - INFO - 获取到基金列表: 1000 只
2026-02-28 21:50:58,629 - INFO - 需要获取新基金: 50 只
2026-02-28 21:51:06,455 - INFO - 进度: 10/50 (10 成功)
2026-02-28 21:51:12,232 - INFO - 进度: 20/50 (20 成功)
2026-02-28 21:51:19,100 - INFO - 进度: 30/50 (30 成功)
2026-02-28 21:51:25,067 - INFO - 进度: 40/50 (40 成功)
2026-02-28 21:51:31,661 - INFO - 进度: 50/50 (50 成功)
2026-02-28 21:51:31,661 - INFO - 批次完成: 成功获取 50/50 只基金
2026-02-28 21:51:31,662 - INFO - 数据缓存: 100 -> 150 (+50)
2026-02-28 21:51:31,662 - INFO - 任务2: 运行回测分析...
2026-02-28 21:51:31,662 - INFO - 开始运行回测分析...
2026-02-28 21:51:32,069 - INFO - 回测完成: 50 只基金
2026-02-28 21:51:32,070 - INFO - 任务3: 检查是否需要提交到GitHub...
2026-02-28 21:51:32,882 - INFO - ✅ 成功提交到GitHub: auto: Data expansion - 150 funds cached
2026-02-28 21:51:32,883 - INFO - 
工作周期 #1 完成:
2026-02-28 21:51:32,883 - INFO -   新增基金: 50
2026-02-28 21:51:32,883 - INFO -   总基金数: 150
2026-02-28 21:51:32,883 - INFO -   回测完成: True
2026-02-28 21:51:32,883 - INFO -   Git提交: True
2026-03-01 00:22:50,955 - INFO - 
============================================================
2026-03-01 00:22:50,956 - INFO - 工作周期 #1 开始
2026-03-01 00:22:50,956 - INFO - 时间: 2026-03-01 00:22:50
2026-03-01 00:22:50,956 - INFO - ============================================================
2026-03-01 00:22:50,956 - INFO - 任务1: 扩展基金数据...
2026-03-01 00:22:50,956 - INFO - 开始扩展数据批次，目标数量: 50
2026-03-01 00:23:10,222 - INFO - 方法 _get_fund_list_method3 成功获取 1000 只基金
2026-03-01 00:23:10,225 - INFO - 合并后共获得 1000 只唯一基金
2026-03-01 00:23:10,225 - INFO - 获取到基金列表: 1000 只
2026-03-01 00:23:10,240 - INFO - 需要获取新基金: 50 只
2026-03-01 00:23:18,737 - INFO - 进度: 10/50 (10 成功)
2026-03-01 00:23:25,964 - INFO - 进度: 20/50 (20 成功)
2026-03-01 00:23:31,399 - INFO - 进度: 30/50 (30 成功)
2026-03-01 00:23:47,618 - WARNING - 请求失败 (尝试 1/3): HTTPConnectionPool(host='fundf10.eastmoney.com', port=80): Read timed out.
2026-03-01 00:23:54,309 - INFO - 进度: 40/50 (40 成功)
2026-03-01 00:24:00,276 - INFO - 进度: 50/50 (50 成功)
2026-03-01 00:24:00,276 - INFO - 批次完成: 成功获取 50/50 只基金
2026-03-01 00:24:00,276 - INFO - 数据缓存: 150 -> 200 (+50)
2026-03-01 00:24:00,277 - INFO - 任务2: 运行回测分析...
2026-03-01 00:24:00,277 - INFO - 开始运行回测分析...
2026-03-01 00:24:00,651 - INFO - 回测完成: 50 只基金
2026-03-01 00:24:00,651 - INFO - 任务3: 检查是否需要提交到GitHub...
